2020-07-13 08:40:56,069 INFO HV000001: Hibernate Validator 6.0.18.Final
2020-07-13 08:40:56,958 INFO Starting MySQLMointorApplication on lcc with PID 74520 (/Users/lcc/IdeaProjects/lcc_work/mysql-monitor/mysql-monitor-provider/target/classes started by lcc in /Users/lcc/IdeaProjects/lcc_work/mysql-monitor)
2020-07-13 08:40:56,961 INFO No active profile set, falling back to default profiles: default
2020-07-13 08:41:00,531 INFO Tomcat initialized with port(s): 8090 (http)
2020-07-13 08:41:00,873 INFO Root WebApplicationContext: initialization completed in 3728 ms
2020-07-13 08:41:02,636 INFO Initializing ExecutorService 'applicationTaskExecutor'
2020-07-13 08:41:03,095 INFO Initializing ExecutorService 'taskScheduler'
2020-07-13 08:41:03,445 INFO Tomcat started on port(s): 8090 (http) with context path ''
2020-07-13 08:41:03,456 INFO Started MySQLMointorApplication in 7.871 seconds (JVM running for 10.442)
2020-07-13 08:41:05,881 INFO Initializing Servlet 'dispatcherServlet'
2020-07-13 08:41:05,897 INFO Completed initialization in 16 ms
2020-07-13 08:41:05,920 INFO host#0:0:0:0:0:0:0:1#/database/list
2020-07-13 08:41:05,982 INFO host#0:0:0:0:0:0:0:1#/database/list
2020-07-13 08:41:06,060 INFO HikariPool-1 - Starting...
2020-07-13 08:41:06,063 WARN Registered driver with driverClassName=com.mysql.jdbc.Driver was not found, trying direct instantiation.
2020-07-13 08:41:06,400 INFO host#0:0:0:0:0:0:0:1#/database/list
2020-07-13 08:41:06,415 INFO host#0:0:0:0:0:0:0:1#/database/list
2020-07-13 08:41:06,888 INFO host#0:0:0:0:0:0:0:1#/database/list
2020-07-13 08:41:06,900 INFO host#0:0:0:0:0:0:0:1#/database/list
2020-07-13 08:41:07,228 INFO host#0:0:0:0:0:0:0:1#/database/list
2020-07-13 08:41:07,233 INFO host#0:0:0:0:0:0:0:1#/database/list
2020-07-13 08:41:07,586 INFO HikariPool-1 - Start completed.
2020-07-13 08:41:07,732 INFO HikariPool-2 - Starting...
2020-07-13 08:41:07,757 INFO HikariPool-2 - Start completed.
2020-07-13 08:41:07,976 INFO host#0:0:0:0:0:0:0:1#/database/list
2020-07-13 08:41:07,984 INFO host#0:0:0:0:0:0:0:1#/database/list
2020-07-13 08:41:10,439 INFO host#0:0:0:0:0:0:0:1#/database/detail
2020-07-13 08:41:10,451 INFO host#0:0:0:0:0:0:0:1#/database/detail
2020-07-13 08:41:18,224 INFO Shutting down ExecutorService 'taskScheduler'
2020-07-13 08:41:18,227 INFO Shutting down ExecutorService 'applicationTaskExecutor'
2020-07-13 08:41:18,228 INFO HikariPool-1 - Shutdown initiated...
2020-07-13 08:41:18,239 INFO HikariPool-1 - Shutdown completed.
