 INFO:2020-07-11 10:38:05,036 - host#0:0:0:0:0:0:0:1#/category/list
 INFO:2020-07-11 10:38:05,071 - host#0:0:0:0:0:0:0:1#/category/list
 INFO:2020-07-11 10:38:05,502 - host#0:0:0:0:0:0:0:1#/category/list
 INFO:2020-07-11 10:38:05,512 - host#0:0:0:0:0:0:0:1#/category/list
 INFO:2020-07-11 10:38:05,657 - host#0:0:0:0:0:0:0:1#/category/list
 INFO:2020-07-11 10:38:05,678 - host#0:0:0:0:0:0:0:1#/category/list
 INFO:2020-07-11 10:38:05,927 - host#0:0:0:0:0:0:0:1#/category/list
 INFO:2020-07-11 10:38:05,939 - host#0:0:0:0:0:0:0:1#/category/list
 INFO:2020-07-11 10:38:06,138 - host#0:0:0:0:0:0:0:1#/category/list
 INFO:2020-07-11 10:38:06,162 - host#0:0:0:0:0:0:0:1#/category/list
 INFO:2020-07-11 10:38:06,312 - host#0:0:0:0:0:0:0:1#/category/list
 INFO:2020-07-11 10:38:06,321 - host#0:0:0:0:0:0:0:1#/category/list
 INFO:2020-07-11 10:38:06,475 - host#0:0:0:0:0:0:0:1#/category/list
 INFO:2020-07-11 10:38:06,478 - host#0:0:0:0:0:0:0:1#/category/list
 INFO:2020-07-11 10:38:06,789 - host#0:0:0:0:0:0:0:1#/category/list
 INFO:2020-07-11 10:38:06,795 - host#0:0:0:0:0:0:0:1#/category/list
 INFO:2020-07-11 10:38:07,061 - host#0:0:0:0:0:0:0:1#/category/list
 INFO:2020-07-11 10:38:07,066 - host#0:0:0:0:0:0:0:1#/category/list
 INFO:2020-07-11 10:38:09,681 - host#0:0:0:0:0:0:0:1#/article/getArticleByCate
 INFO:2020-07-11 10:38:09,685 - host#0:0:0:0:0:0:0:1#/article/getArticleByCate
 INFO:2020-07-11 10:38:12,385 - host#0:0:0:0:0:0:0:1#/article/getArticleByCate
 INFO:2020-07-11 10:38:12,387 - host#0:0:0:0:0:0:0:1#/article/getArticleByCate
 INFO:2020-07-11 10:41:00,829 - host#0:0:0:0:0:0:0:1#/category/list
 INFO:2020-07-11 10:41:00,834 - host#0:0:0:0:0:0:0:1#/category/list
 INFO:2020-07-11 10:43:50,951 - host#0:0:0:0:0:0:0:1#/category/list
 INFO:2020-07-11 10:43:50,957 - host#0:0:0:0:0:0:0:1#/category/list
 INFO:2020-07-11 10:43:52,006 - host#0:0:0:0:0:0:0:1#/category/list
 INFO:2020-07-11 10:43:52,009 - host#0:0:0:0:0:0:0:1#/category/list
 INFO:2020-07-11 10:44:09,631 - host#0:0:0:0:0:0:0:1#/category/list
 INFO:2020-07-11 10:44:09,638 - host#0:0:0:0:0:0:0:1#/category/list
 INFO:2020-07-11 10:44:10,929 - host#0:0:0:0:0:0:0:1#/category/list
 INFO:2020-07-11 10:44:10,934 - host#0:0:0:0:0:0:0:1#/category/list
 INFO:2020-07-11 10:45:17,998 - host#0:0:0:0:0:0:0:1#/category/list
 INFO:2020-07-11 10:45:18,004 - host#0:0:0:0:0:0:0:1#/category/list
 INFO:2020-07-11 10:46:30,136 - host#0:0:0:0:0:0:0:1#/category/list
 INFO:2020-07-11 10:46:30,150 - host#0:0:0:0:0:0:0:1#/category/list
 INFO:2020-07-11 10:49:47,937 - host#0:0:0:0:0:0:0:1#/category/list
 INFO:2020-07-11 10:49:47,952 - host#0:0:0:0:0:0:0:1#/category/list
 INFO:2020-07-11 10:49:54,318 - host#0:0:0:0:0:0:0:1#/category/list
 INFO:2020-07-11 10:49:54,321 - host#0:0:0:0:0:0:0:1#/category/list
 INFO:2020-07-11 10:51:57,923 - host#0:0:0:0:0:0:0:1#/category/list
 INFO:2020-07-11 10:51:57,938 - host#0:0:0:0:0:0:0:1#/category/list
 INFO:2020-07-11 10:52:22,724 - host#0:0:0:0:0:0:0:1#/category/list
 INFO:2020-07-11 10:52:22,729 - host#0:0:0:0:0:0:0:1#/category/list
 INFO:2020-07-11 10:53:40,482 - host#0:0:0:0:0:0:0:1#/category/list
 INFO:2020-07-11 10:53:40,492 - host#0:0:0:0:0:0:0:1#/category/list
 INFO:2020-07-11 10:55:22,837 - host#0:0:0:0:0:0:0:1#/category/list
 INFO:2020-07-11 10:55:22,843 - host#0:0:0:0:0:0:0:1#/category/list
 INFO:2020-07-11 10:55:34,943 - host#0:0:0:0:0:0:0:1#/category/list
 INFO:2020-07-11 10:55:34,952 - host#0:0:0:0:0:0:0:1#/category/list
 INFO:2020-07-11 10:56:31,236 - host#0:0:0:0:0:0:0:1#/category/list
 INFO:2020-07-11 10:56:31,246 - host#0:0:0:0:0:0:0:1#/category/list
 INFO:2020-07-11 10:56:50,518 - host#0:0:0:0:0:0:0:1#/category/list
 INFO:2020-07-11 10:56:50,523 - host#0:0:0:0:0:0:0:1#/category/list
 INFO:2020-07-11 10:57:34,174 - host#0:0:0:0:0:0:0:1#/category/list
 INFO:2020-07-11 10:57:34,186 - host#0:0:0:0:0:0:0:1#/category/list
 INFO:2020-07-11 10:58:05,055 - host#0:0:0:0:0:0:0:1#/category/list
 INFO:2020-07-11 10:58:05,059 - host#0:0:0:0:0:0:0:1#/category/list
 INFO:2020-07-11 10:58:22,689 - host#0:0:0:0:0:0:0:1#/category/list
 INFO:2020-07-11 10:58:22,696 - host#0:0:0:0:0:0:0:1#/category/list
 INFO:2020-07-11 10:58:58,168 - host#0:0:0:0:0:0:0:1#/category/list
 INFO:2020-07-11 10:58:58,175 - host#0:0:0:0:0:0:0:1#/category/list
 INFO:2020-07-11 10:59:07,734 - host#0:0:0:0:0:0:0:1#/category/list
 INFO:2020-07-11 10:59:07,740 - host#0:0:0:0:0:0:0:1#/category/list
 INFO:2020-07-11 10:59:26,263 - host#0:0:0:0:0:0:0:1#/category/list
 INFO:2020-07-11 10:59:26,270 - host#0:0:0:0:0:0:0:1#/category/list
 INFO:2020-07-11 10:59:54,062 - host#0:0:0:0:0:0:0:1#/category/list
 INFO:2020-07-11 10:59:54,066 - host#0:0:0:0:0:0:0:1#/category/list
 INFO:2020-07-11 11:00:35,516 - host#0:0:0:0:0:0:0:1#/category/list
 INFO:2020-07-11 11:00:35,522 - host#0:0:0:0:0:0:0:1#/category/list
 INFO:2020-07-11 11:00:49,873 - host#0:0:0:0:0:0:0:1#/category/list
 INFO:2020-07-11 11:00:49,879 - host#0:0:0:0:0:0:0:1#/category/list
 INFO:2020-07-11 11:01:06,422 - host#0:0:0:0:0:0:0:1#/category/list
 INFO:2020-07-11 11:01:06,428 - host#0:0:0:0:0:0:0:1#/category/list
 INFO:2020-07-11 11:02:26,812 - host#0:0:0:0:0:0:0:1#/category/list
 INFO:2020-07-11 11:02:26,817 - host#0:0:0:0:0:0:0:1#/category/list
 INFO:2020-07-11 11:02:45,359 - host#0:0:0:0:0:0:0:1#/category/list
 INFO:2020-07-11 11:02:45,363 - host#0:0:0:0:0:0:0:1#/category/list
 INFO:2020-07-11 11:03:00,598 - host#0:0:0:0:0:0:0:1#/category/list
 INFO:2020-07-11 11:03:00,603 - host#0:0:0:0:0:0:0:1#/category/list
 INFO:2020-07-11 11:03:08,402 - host#0:0:0:0:0:0:0:1#/category/list
 INFO:2020-07-11 11:03:08,406 - host#0:0:0:0:0:0:0:1#/category/list
 INFO:2020-07-11 11:03:19,838 - host#0:0:0:0:0:0:0:1#/category/list
 INFO:2020-07-11 11:03:19,841 - host#0:0:0:0:0:0:0:1#/category/list
 INFO:2020-07-11 11:03:56,105 - host#0:0:0:0:0:0:0:1#/category/list
 INFO:2020-07-11 11:03:56,119 - host#0:0:0:0:0:0:0:1#/category/list
 INFO:2020-07-11 11:03:58,292 - host#0:0:0:0:0:0:0:1#/category/list
 INFO:2020-07-11 11:03:58,299 - host#0:0:0:0:0:0:0:1#/category/list
 INFO:2020-07-11 11:04:12,840 - host#0:0:0:0:0:0:0:1#/category/list
 INFO:2020-07-11 11:04:12,844 - host#0:0:0:0:0:0:0:1#/category/list
 INFO:2020-07-11 11:04:28,696 - host#0:0:0:0:0:0:0:1#/category/list
 INFO:2020-07-11 11:04:28,705 - host#0:0:0:0:0:0:0:1#/category/list
 INFO:2020-07-11 11:05:32,852 - host#0:0:0:0:0:0:0:1#/category/list
 INFO:2020-07-11 11:05:32,860 - host#0:0:0:0:0:0:0:1#/category/list
 INFO:2020-07-11 11:06:12,134 - host#0:0:0:0:0:0:0:1#/category/list
 INFO:2020-07-11 11:06:12,140 - host#0:0:0:0:0:0:0:1#/category/list
 INFO:2020-07-11 11:06:22,990 - host#0:0:0:0:0:0:0:1#/category/list
 INFO:2020-07-11 11:06:22,997 - host#0:0:0:0:0:0:0:1#/category/list
 INFO:2020-07-11 11:07:00,149 - host#0:0:0:0:0:0:0:1#/category/list
 INFO:2020-07-11 11:07:00,152 - host#0:0:0:0:0:0:0:1#/category/list
 INFO:2020-07-11 11:07:40,633 - host#0:0:0:0:0:0:0:1#/category/list
 INFO:2020-07-11 11:07:40,645 - host#0:0:0:0:0:0:0:1#/category/list
 INFO:2020-07-11 11:08:24,470 - host#0:0:0:0:0:0:0:1#/category/list
 INFO:2020-07-11 11:08:24,478 - host#0:0:0:0:0:0:0:1#/category/list
 INFO:2020-07-11 11:08:25,843 - host#0:0:0:0:0:0:0:1#/category/list
 INFO:2020-07-11 11:08:25,846 - host#0:0:0:0:0:0:0:1#/category/list
 INFO:2020-07-11 11:08:27,254 - host#0:0:0:0:0:0:0:1#/category/list
 INFO:2020-07-11 11:08:27,262 - host#0:0:0:0:0:0:0:1#/category/list
 INFO:2020-07-11 11:09:02,374 - host#0:0:0:0:0:0:0:1#/category/list
 INFO:2020-07-11 11:09:02,380 - host#0:0:0:0:0:0:0:1#/category/list
 INFO:2020-07-11 11:09:03,656 - host#0:0:0:0:0:0:0:1#/category/list
 INFO:2020-07-11 11:09:03,659 - host#0:0:0:0:0:0:0:1#/category/list
 INFO:2020-07-11 13:44:18,230 - host#0:0:0:0:0:0:0:1#/database/add
 INFO:2020-07-11 13:44:18,265 - host#0:0:0:0:0:0:0:1#/database/add
 INFO:2020-07-11 13:45:25,310 - host#0:0:0:0:0:0:0:1#/database/add
 INFO:2020-07-11 13:45:25,334 - host#0:0:0:0:0:0:0:1#/database/add
 INFO:2020-07-11 13:46:08,707 - host#0:0:0:0:0:0:0:1#/database/add
 INFO:2020-07-11 13:46:08,730 - host#0:0:0:0:0:0:0:1#/database/add
 INFO:2020-07-11 13:47:20,375 - host#0:0:0:0:0:0:0:1#/database/add
 INFO:2020-07-11 13:47:20,398 - host#0:0:0:0:0:0:0:1#/database/add
 INFO:2020-07-11 13:47:57,344 - host#0:0:0:0:0:0:0:1#/database/add
 INFO:2020-07-11 13:47:57,366 - host#0:0:0:0:0:0:0:1#/database/add
 INFO:2020-07-11 13:59:09,470 - host#0:0:0:0:0:0:0:1#/database/add
 INFO:2020-07-11 13:59:09,481 - host#0:0:0:0:0:0:0:1#/database/add
 INFO:2020-07-11 13:59:51,243 - host#0:0:0:0:0:0:0:1#/database/add
 INFO:2020-07-11 13:59:51,255 - host#0:0:0:0:0:0:0:1#/database/add
 INFO:2020-07-11 14:01:27,974 - host#0:0:0:0:0:0:0:1#/database/add
 INFO:2020-07-11 14:01:27,984 - host#0:0:0:0:0:0:0:1#/database/add
 INFO:2020-07-11 14:03:11,584 - host#0:0:0:0:0:0:0:1#/database/add
 INFO:2020-07-11 14:03:11,609 - host#0:0:0:0:0:0:0:1#/database/add
 INFO:2020-07-11 14:09:49,526 - host#0:0:0:0:0:0:0:1#/database/add
 INFO:2020-07-11 14:09:49,537 - host#0:0:0:0:0:0:0:1#/database/add
 INFO:2020-07-11 14:10:50,905 - host#0:0:0:0:0:0:0:1#/database/add
 INFO:2020-07-11 14:10:50,918 - host#0:0:0:0:0:0:0:1#/database/add
 INFO:2020-07-11 14:11:27,171 - host#0:0:0:0:0:0:0:1#/database/add
 INFO:2020-07-11 14:11:27,186 - host#0:0:0:0:0:0:0:1#/database/add
 INFO:2020-07-11 14:12:58,819 - host#0:0:0:0:0:0:0:1#/database/add
 INFO:2020-07-11 14:12:58,850 - host#0:0:0:0:0:0:0:1#/database/add
 INFO:2020-07-11 14:13:31,050 - host#0:0:0:0:0:0:0:1#/database/add
 INFO:2020-07-11 14:13:31,060 - host#0:0:0:0:0:0:0:1#/database/add
 INFO:2020-07-11 14:13:39,255 - host#0:0:0:0:0:0:0:1#/database/add
 INFO:2020-07-11 14:13:39,269 - host#0:0:0:0:0:0:0:1#/database/add
 INFO:2020-07-11 14:14:10,064 - host#0:0:0:0:0:0:0:1#/database/add
 INFO:2020-07-11 14:14:10,075 - host#0:0:0:0:0:0:0:1#/database/add
 INFO:2020-07-11 14:16:17,773 - host#0:0:0:0:0:0:0:1#/database/add
 INFO:2020-07-11 14:16:17,785 - host#0:0:0:0:0:0:0:1#/database/add
 INFO:2020-07-11 14:16:34,354 - host#0:0:0:0:0:0:0:1#/database/add
 INFO:2020-07-11 14:16:34,367 - host#0:0:0:0:0:0:0:1#/database/add
 INFO:2020-07-11 14:17:24,003 - host#0:0:0:0:0:0:0:1#/database/add
 INFO:2020-07-11 14:17:24,009 - host#0:0:0:0:0:0:0:1#/database/add
 INFO:2020-07-11 14:18:20,513 - host#0:0:0:0:0:0:0:1#/database/add
 INFO:2020-07-11 14:18:20,532 - host#0:0:0:0:0:0:0:1#/database/add
 INFO:2020-07-11 14:18:38,927 - host#0:0:0:0:0:0:0:1#/database/add
 INFO:2020-07-11 14:18:38,935 - host#0:0:0:0:0:0:0:1#/database/add
 INFO:2020-07-11 14:19:03,538 - host#0:0:0:0:0:0:0:1#/database/add
 INFO:2020-07-11 14:19:03,554 - host#0:0:0:0:0:0:0:1#/database/add
 INFO:2020-07-11 14:20:36,171 - host#0:0:0:0:0:0:0:1#/database/add
 INFO:2020-07-11 14:20:36,188 - host#0:0:0:0:0:0:0:1#/database/add
 INFO:2020-07-11 14:21:12,494 - host#0:0:0:0:0:0:0:1#/database/add
 INFO:2020-07-11 14:21:12,500 - host#0:0:0:0:0:0:0:1#/database/add
 INFO:2020-07-11 14:21:37,366 - host#0:0:0:0:0:0:0:1#/database/add
 INFO:2020-07-11 14:21:37,374 - host#0:0:0:0:0:0:0:1#/database/add
 INFO:2020-07-11 14:22:21,454 - host#0:0:0:0:0:0:0:1#/database/add
 INFO:2020-07-11 14:22:21,463 - host#0:0:0:0:0:0:0:1#/database/add
 INFO:2020-07-11 14:22:23,331 - host#0:0:0:0:0:0:0:1#/database/add
 INFO:2020-07-11 14:22:23,337 - host#0:0:0:0:0:0:0:1#/database/add
 INFO:2020-07-11 14:30:47,128 - host#0:0:0:0:0:0:0:1#/database/add
 INFO:2020-07-11 14:30:47,157 - host#0:0:0:0:0:0:0:1#/database/add
 INFO:2020-07-11 14:31:25,449 - host#0:0:0:0:0:0:0:1#/database/list
 INFO:2020-07-11 14:31:25,457 - host#0:0:0:0:0:0:0:1#/database/list
 INFO:2020-07-11 14:32:51,026 - host#0:0:0:0:0:0:0:1#/database/list
 INFO:2020-07-11 14:32:51,061 - host#0:0:0:0:0:0:0:1#/database/list
 INFO:2020-07-11 14:32:53,231 - host#0:0:0:0:0:0:0:1#/database/list
 INFO:2020-07-11 14:32:53,239 - host#0:0:0:0:0:0:0:1#/database/list
 INFO:2020-07-11 14:33:28,367 - host#0:0:0:0:0:0:0:1#/database/list
 INFO:2020-07-11 14:33:28,373 - host#0:0:0:0:0:0:0:1#/database/list
 INFO:2020-07-11 14:36:04,156 - host#0:0:0:0:0:0:0:1#/database/list
 INFO:2020-07-11 14:36:04,164 - host#0:0:0:0:0:0:0:1#/database/list
 INFO:2020-07-11 14:36:51,780 - host#0:0:0:0:0:0:0:1#/database/list
 INFO:2020-07-11 14:36:51,789 - host#0:0:0:0:0:0:0:1#/database/list
 INFO:2020-07-11 14:37:17,233 - host#0:0:0:0:0:0:0:1#/database/list
 INFO:2020-07-11 14:37:17,239 - host#0:0:0:0:0:0:0:1#/database/list
 INFO:2020-07-11 14:37:57,358 - host#0:0:0:0:0:0:0:1#/database/list
 INFO:2020-07-11 14:37:57,370 - host#0:0:0:0:0:0:0:1#/database/list
 INFO:2020-07-11 14:41:53,467 - host#0:0:0:0:0:0:0:1#/database/list
 INFO:2020-07-11 14:41:53,477 - host#0:0:0:0:0:0:0:1#/database/list
 INFO:2020-07-11 14:45:34,772 - host#0:0:0:0:0:0:0:1#/database/list
 INFO:2020-07-11 14:45:34,828 - host#0:0:0:0:0:0:0:1#/database/list
 INFO:2020-07-11 14:45:38,683 - host#0:0:0:0:0:0:0:1#/database/delete
 INFO:2020-07-11 14:45:38,703 - host#0:0:0:0:0:0:0:1#/database/delete
 INFO:2020-07-11 14:48:25,058 - host#0:0:0:0:0:0:0:1#/database/list
 INFO:2020-07-11 14:48:25,099 - host#0:0:0:0:0:0:0:1#/database/list
 INFO:2020-07-11 14:48:26,686 - host#0:0:0:0:0:0:0:1#/database/list
 INFO:2020-07-11 14:48:26,695 - host#0:0:0:0:0:0:0:1#/database/list
 INFO:2020-07-11 14:48:31,754 - host#0:0:0:0:0:0:0:1#/database/delete
 INFO:2020-07-11 14:48:31,761 - host#0:0:0:0:0:0:0:1#/database/delete
 INFO:2020-07-11 14:48:35,363 - host#0:0:0:0:0:0:0:1#/database/list
 INFO:2020-07-11 14:48:35,371 - host#0:0:0:0:0:0:0:1#/database/list
 INFO:2020-07-11 14:48:38,167 - host#0:0:0:0:0:0:0:1#/database/delete
 INFO:2020-07-11 14:48:38,175 - host#0:0:0:0:0:0:0:1#/database/delete
 INFO:2020-07-11 14:48:39,610 - host#0:0:0:0:0:0:0:1#/database/list
 INFO:2020-07-11 14:48:39,615 - host#0:0:0:0:0:0:0:1#/database/list
 INFO:2020-07-11 14:51:22,197 - host#0:0:0:0:0:0:0:1#/database/list
 INFO:2020-07-11 14:51:22,210 - host#0:0:0:0:0:0:0:1#/database/list
 INFO:2020-07-11 14:51:24,173 - host#0:0:0:0:0:0:0:1#/database/delete
 INFO:2020-07-11 14:51:24,181 - host#0:0:0:0:0:0:0:1#/database/delete
 INFO:2020-07-11 14:51:31,631 - host#0:0:0:0:0:0:0:1#/database/list
 INFO:2020-07-11 14:51:31,638 - host#0:0:0:0:0:0:0:1#/database/list
 INFO:2020-07-11 14:52:22,008 - host#0:0:0:0:0:0:0:1#/database/list
 INFO:2020-07-11 14:52:22,014 - host#0:0:0:0:0:0:0:1#/database/list
 INFO:2020-07-11 14:52:23,661 - host#0:0:0:0:0:0:0:1#/database/delete
 INFO:2020-07-11 14:52:23,667 - host#0:0:0:0:0:0:0:1#/database/delete
 INFO:2020-07-11 14:52:32,958 - host#0:0:0:0:0:0:0:1#/database/list
 INFO:2020-07-11 14:52:32,969 - host#0:0:0:0:0:0:0:1#/database/list
 INFO:2020-07-11 14:52:38,065 - host#0:0:0:0:0:0:0:1#/database/delete
 INFO:2020-07-11 14:52:38,072 - host#0:0:0:0:0:0:0:1#/database/delete
 INFO:2020-07-11 14:53:00,769 - host#0:0:0:0:0:0:0:1#/database/list
 INFO:2020-07-11 14:53:00,778 - host#0:0:0:0:0:0:0:1#/database/list
 INFO:2020-07-11 14:53:03,121 - host#0:0:0:0:0:0:0:1#/database/delete
 INFO:2020-07-11 14:53:03,125 - host#0:0:0:0:0:0:0:1#/database/delete
 INFO:2020-07-11 14:54:23,994 - host#0:0:0:0:0:0:0:1#/database/list
 INFO:2020-07-11 14:54:23,999 - host#0:0:0:0:0:0:0:1#/database/list
 INFO:2020-07-11 14:54:26,272 - host#0:0:0:0:0:0:0:1#/database/delete
 INFO:2020-07-11 14:54:26,279 - host#0:0:0:0:0:0:0:1#/database/delete
 INFO:2020-07-11 14:56:08,687 - host#0:0:0:0:0:0:0:1#/database/list
 INFO:2020-07-11 14:56:08,699 - host#0:0:0:0:0:0:0:1#/database/list
 INFO:2020-07-11 14:56:10,849 - host#0:0:0:0:0:0:0:1#/database/delete
 INFO:2020-07-11 14:56:10,854 - host#0:0:0:0:0:0:0:1#/database/delete
 INFO:2020-07-11 14:56:13,720 - host#0:0:0:0:0:0:0:1#/database/list
 INFO:2020-07-11 14:56:13,726 - host#0:0:0:0:0:0:0:1#/database/list
 INFO:2020-07-11 14:56:16,556 - host#0:0:0:0:0:0:0:1#/database/list
 INFO:2020-07-11 14:56:16,559 - host#0:0:0:0:0:0:0:1#/database/list
 INFO:2020-07-11 14:56:19,220 - host#0:0:0:0:0:0:0:1#/database/delete
 INFO:2020-07-11 14:56:19,226 - host#0:0:0:0:0:0:0:1#/database/delete
 INFO:2020-07-11 14:56:23,064 - host#0:0:0:0:0:0:0:1#/database/list
 INFO:2020-07-11 14:56:23,069 - host#0:0:0:0:0:0:0:1#/database/list
 INFO:2020-07-11 14:56:28,521 - host#0:0:0:0:0:0:0:1#/database/delete
 INFO:2020-07-11 14:56:28,531 - host#0:0:0:0:0:0:0:1#/database/delete
 INFO:2020-07-11 14:56:34,275 - host#0:0:0:0:0:0:0:1#/database/delete
 INFO:2020-07-11 14:56:34,282 - host#0:0:0:0:0:0:0:1#/database/delete
 INFO:2020-07-11 14:57:26,852 - host#0:0:0:0:0:0:0:1#/database/list
 INFO:2020-07-11 14:57:26,856 - host#0:0:0:0:0:0:0:1#/database/list
 INFO:2020-07-11 14:57:41,967 - host#0:0:0:0:0:0:0:1#/database/delete
 INFO:2020-07-11 14:57:41,972 - host#0:0:0:0:0:0:0:1#/database/delete
 INFO:2020-07-11 14:57:45,094 - host#0:0:0:0:0:0:0:1#/database/delete
 INFO:2020-07-11 14:57:45,101 - host#0:0:0:0:0:0:0:1#/database/delete
 INFO:2020-07-11 14:57:46,832 - host#0:0:0:0:0:0:0:1#/database/list
 INFO:2020-07-11 14:57:46,839 - host#0:0:0:0:0:0:0:1#/database/list
 INFO:2020-07-11 14:58:01,185 - host#0:0:0:0:0:0:0:1#/database/delete
 INFO:2020-07-11 14:58:01,194 - host#0:0:0:0:0:0:0:1#/database/delete
 INFO:2020-07-11 14:58:02,353 - host#0:0:0:0:0:0:0:1#/database/delete
 INFO:2020-07-11 14:58:02,358 - host#0:0:0:0:0:0:0:1#/database/delete
 INFO:2020-07-11 14:58:03,336 - host#0:0:0:0:0:0:0:1#/database/delete
 INFO:2020-07-11 14:58:03,343 - host#0:0:0:0:0:0:0:1#/database/delete
 INFO:2020-07-11 14:58:04,340 - host#0:0:0:0:0:0:0:1#/database/delete
 INFO:2020-07-11 14:58:04,346 - host#0:0:0:0:0:0:0:1#/database/delete
 INFO:2020-07-11 14:58:05,353 - host#0:0:0:0:0:0:0:1#/database/delete
 INFO:2020-07-11 14:58:05,358 - host#0:0:0:0:0:0:0:1#/database/delete
 INFO:2020-07-11 14:58:06,115 - host#0:0:0:0:0:0:0:1#/database/delete
 INFO:2020-07-11 14:58:06,120 - host#0:0:0:0:0:0:0:1#/database/delete
 INFO:2020-07-11 14:58:06,804 - host#0:0:0:0:0:0:0:1#/database/delete
 INFO:2020-07-11 14:58:06,807 - host#0:0:0:0:0:0:0:1#/database/delete
 INFO:2020-07-11 14:58:07,724 - host#0:0:0:0:0:0:0:1#/database/delete
 INFO:2020-07-11 14:58:07,727 - host#0:0:0:0:0:0:0:1#/database/delete
 INFO:2020-07-11 14:58:08,516 - host#0:0:0:0:0:0:0:1#/database/delete
 INFO:2020-07-11 14:58:08,521 - host#0:0:0:0:0:0:0:1#/database/delete
 INFO:2020-07-11 14:58:09,320 - host#0:0:0:0:0:0:0:1#/database/delete
 INFO:2020-07-11 14:58:09,323 - host#0:0:0:0:0:0:0:1#/database/delete
 INFO:2020-07-11 15:20:36,651 - host#0:0:0:0:0:0:0:1#/database/add
 INFO:2020-07-11 15:20:36,657 - host#0:0:0:0:0:0:0:1#/database/add
 INFO:2020-07-11 15:26:26,786 - host#0:0:0:0:0:0:0:1#/database/list
 INFO:2020-07-11 15:26:26,793 - host#0:0:0:0:0:0:0:1#/database/list
 INFO:2020-07-11 15:26:30,259 - host#0:0:0:0:0:0:0:1#/database/delete
 INFO:2020-07-11 15:26:30,264 - host#0:0:0:0:0:0:0:1#/database/delete
 INFO:2020-07-11 16:50:08,108 - host#0:0:0:0:0:0:0:1#/database/add
 INFO:2020-07-11 16:50:08,146 - host#0:0:0:0:0:0:0:1#/database/add
 INFO:2020-07-11 16:50:44,492 - host#0:0:0:0:0:0:0:1#/database/list
 INFO:2020-07-11 16:50:44,498 - host#0:0:0:0:0:0:0:1#/database/list
 INFO:2020-07-11 16:51:23,278 - host#0:0:0:0:0:0:0:1#/database/add
 INFO:2020-07-11 16:51:23,284 - host#0:0:0:0:0:0:0:1#/database/add
 INFO:2020-07-11 16:51:28,464 - host#0:0:0:0:0:0:0:1#/database/list
 INFO:2020-07-11 16:51:28,468 - host#0:0:0:0:0:0:0:1#/database/list
 INFO:2020-07-11 16:51:57,966 - host#0:0:0:0:0:0:0:1#/database/list
 INFO:2020-07-11 16:51:57,974 - host#0:0:0:0:0:0:0:1#/database/list
 INFO:2020-07-11 16:52:13,530 - host#0:0:0:0:0:0:0:1#/database/list
 INFO:2020-07-11 16:52:13,535 - host#0:0:0:0:0:0:0:1#/database/list
 INFO:2020-07-11 16:52:35,251 - host#0:0:0:0:0:0:0:1#/database/list
 INFO:2020-07-11 16:52:35,257 - host#0:0:0:0:0:0:0:1#/database/list
 INFO:2020-07-11 16:52:54,430 - host#0:0:0:0:0:0:0:1#/database/list
 INFO:2020-07-11 16:52:54,437 - host#0:0:0:0:0:0:0:1#/database/list
 INFO:2020-07-11 16:52:55,343 - host#0:0:0:0:0:0:0:1#/database/list
 INFO:2020-07-11 16:52:55,352 - host#0:0:0:0:0:0:0:1#/database/list
 INFO:2020-07-11 16:52:55,576 - host#0:0:0:0:0:0:0:1#/database/list
 INFO:2020-07-11 16:52:55,579 - host#0:0:0:0:0:0:0:1#/database/list
 INFO:2020-07-11 16:52:55,807 - host#0:0:0:0:0:0:0:1#/database/list
 INFO:2020-07-11 16:52:55,810 - host#0:0:0:0:0:0:0:1#/database/list
 INFO:2020-07-11 16:53:03,227 - host#0:0:0:0:0:0:0:1#/database/list
 INFO:2020-07-11 16:53:03,233 - host#0:0:0:0:0:0:0:1#/database/list
 INFO:2020-07-11 16:53:15,860 - host#0:0:0:0:0:0:0:1#/database/list
 INFO:2020-07-11 16:53:15,865 - host#0:0:0:0:0:0:0:1#/database/list
 INFO:2020-07-11 16:53:50,119 - host#0:0:0:0:0:0:0:1#/database/list
 INFO:2020-07-11 16:53:50,123 - host#0:0:0:0:0:0:0:1#/database/list
 INFO:2020-07-11 16:54:00,700 - host#0:0:0:0:0:0:0:1#/database/delete
 INFO:2020-07-11 16:54:00,703 - host#0:0:0:0:0:0:0:1#/database/delete
 INFO:2020-07-11 18:09:39,135 - host#0:0:0:0:0:0:0:1#/database/status
 INFO:2020-07-11 18:09:39,366 - host#0:0:0:0:0:0:0:1#/database/status
 INFO:2020-07-11 18:09:40,921 - host#0:0:0:0:0:0:0:1#/database/status
 INFO:2020-07-11 18:09:41,706 - host#0:0:0:0:0:0:0:1#/database/status
 INFO:2020-07-11 18:09:43,177 - host#0:0:0:0:0:0:0:1#/database/status
 INFO:2020-07-11 18:09:43,184 - host#0:0:0:0:0:0:0:1#/database/status
 INFO:2020-07-11 18:09:45,218 - host#0:0:0:0:0:0:0:1#/database/status
 INFO:2020-07-11 18:09:45,222 - host#0:0:0:0:0:0:0:1#/database/status
